2022-10-12 19:03:14.761  INFO 20156 --- [restartedMain] c.g.m.msclientes.MsclientesApplication   : Starting MsclientesApplication using Java 11.0.12 on DESKTOP-T6KTKSE with PID 20156 (C:\Users\T-GAMER\Desktop\ms-springcloud\msclientes\target\classes started by T-GAMER in C:\Users\T-GAMER\Desktop\ms-springcloud\msclientes)
2022-10-12 19:03:14.762  INFO 20156 --- [restartedMain] c.g.m.msclientes.MsclientesApplication   : No active profile set, falling back to 1 default profile: "default"
2022-10-12 19:03:14.792  INFO 20156 --- [restartedMain] .e.DevToolsPropertyDefaultsPostProcessor : Devtools property defaults active! Set 'spring.devtools.add-properties' to 'false' to disable
2022-10-12 19:03:14.792  INFO 20156 --- [restartedMain] .e.DevToolsPropertyDefaultsPostProcessor : For additional web related logging consider setting the 'logging.level.web' property to 'DEBUG'
2022-10-12 19:03:15.262  INFO 20156 --- [restartedMain] .s.d.r.c.RepositoryConfigurationDelegate : Bootstrapping Spring Data JPA repositories in DEFAULT mode.
2022-10-12 19:03:15.270  INFO 20156 --- [restartedMain] .s.d.r.c.RepositoryConfigurationDelegate : Finished Spring Data repository scanning in 3 ms. Found 0 JPA repository interfaces.
2022-10-12 19:03:15.411  INFO 20156 --- [restartedMain] o.s.cloud.context.scope.GenericScope     : BeanFactory id=149942fe-607d-39cc-ab2c-59129377aa7d
2022-10-12 19:03:15.923  INFO 20156 --- [restartedMain] o.s.b.w.embedded.tomcat.TomcatWebServer  : Tomcat initialized with port(s): 0 (http)
2022-10-12 19:03:15.931  INFO 20156 --- [restartedMain] o.apache.catalina.core.StandardService   : Starting service [Tomcat]
2022-10-12 19:03:15.931  INFO 20156 --- [restartedMain] org.apache.catalina.core.StandardEngine  : Starting Servlet engine: [Apache Tomcat/9.0.65]
2022-10-12 19:03:16.017  INFO 20156 --- [restartedMain] o.a.c.c.C.[Tomcat].[localhost].[/]       : Initializing Spring embedded WebApplicationContext
2022-10-12 19:03:16.017  INFO 20156 --- [restartedMain] w.s.c.ServletWebServerApplicationContext : Root WebApplicationContext: initialization completed in 1225 ms
2022-10-12 19:03:16.038  INFO 20156 --- [restartedMain] com.zaxxer.hikari.HikariDataSource       : HikariPool-1 - Starting...
2022-10-12 19:03:16.123  INFO 20156 --- [restartedMain] com.zaxxer.hikari.HikariDataSource       : HikariPool-1 - Start completed.
2022-10-12 19:03:16.130  INFO 20156 --- [restartedMain] o.s.b.a.h2.H2ConsoleAutoConfiguration    : H2 console available at '/h2-console'. Database available at 'jdbc:h2:mem:6d0fe59c-25b9-444e-b380-d0037728c19d'
2022-10-12 19:03:16.234  INFO 20156 --- [restartedMain] o.hibernate.jpa.internal.util.LogHelper  : HHH000204: Processing PersistenceUnitInfo [name: default]
2022-10-12 19:03:16.261  INFO 20156 --- [restartedMain] org.hibernate.Version                    : HHH000412: Hibernate ORM core version 5.6.11.Final
2022-10-12 19:03:16.356  INFO 20156 --- [restartedMain] o.hibernate.annotations.common.Version   : HCANN000001: Hibernate Commons Annotations {5.1.2.Final}
2022-10-12 19:03:16.419  INFO 20156 --- [restartedMain] org.hibernate.dialect.Dialect            : HHH000400: Using dialect: org.hibernate.dialect.H2Dialect
2022-10-12 19:03:16.549  INFO 20156 --- [restartedMain] o.h.e.t.j.p.i.JtaPlatformInitiator       : HHH000490: Using JtaPlatform implementation: [org.hibernate.engine.transaction.jta.platform.internal.NoJtaPlatform]
2022-10-12 19:03:16.553  INFO 20156 --- [restartedMain] j.LocalContainerEntityManagerFactoryBean : Initialized JPA EntityManagerFactory for persistence unit 'default'
2022-10-12 19:03:16.583  WARN 20156 --- [restartedMain] JpaBaseConfiguration$JpaWebConfiguration : spring.jpa.open-in-view is enabled by default. Therefore, database queries may be performed during view rendering. Explicitly configure spring.jpa.open-in-view to disable this warning
2022-10-12 19:03:16.829  INFO 20156 --- [restartedMain] o.s.b.d.a.OptionalLiveReloadServer       : LiveReload server is running on port 35729
2022-10-12 19:03:17.030  INFO 20156 --- [restartedMain] DiscoveryClientOptionalArgsConfiguration : Eureka HTTP Client uses RestTemplate.
2022-10-12 19:03:17.293  WARN 20156 --- [restartedMain] iguration$LoadBalancerCaffeineWarnLogger : Spring Cloud LoadBalancer is currently working with the default cache. While this cache implementation is useful for development and tests, it's recommended to use Caffeine cache in production.You can switch to using Caffeine cache, by adding it and org.springframework.cache.caffeine.CaffeineCacheManager to the classpath.
2022-10-12 19:03:17.346  INFO 20156 --- [restartedMain] o.s.b.w.embedded.tomcat.TomcatWebServer  : Tomcat started on port(s): 64419 (http) with context path ''
2022-10-12 19:03:17.348  INFO 20156 --- [restartedMain] .s.c.n.e.s.EurekaAutoServiceRegistration : Updating port to 64419
2022-10-12 19:03:17.351  INFO 20156 --- [restartedMain] o.s.c.n.eureka.InstanceInfoFactory       : Setting initial instance status as: STARTING
2022-10-12 19:03:17.374  INFO 20156 --- [restartedMain] com.netflix.discovery.DiscoveryClient    : Initializing Eureka in region us-east-1
2022-10-12 19:03:17.378  INFO 20156 --- [restartedMain] c.n.d.s.r.aws.ConfigClusterResolver      : Resolving eureka endpoints via configuration
2022-10-12 19:03:17.396  INFO 20156 --- [restartedMain] com.netflix.discovery.DiscoveryClient    : Disable delta property : false
2022-10-12 19:03:17.396  INFO 20156 --- [restartedMain] com.netflix.discovery.DiscoveryClient    : Single vip registry refresh property : null
2022-10-12 19:03:17.396  INFO 20156 --- [restartedMain] com.netflix.discovery.DiscoveryClient    : Force full registry fetch : false
2022-10-12 19:03:17.396  INFO 20156 --- [restartedMain] com.netflix.discovery.DiscoveryClient    : Application is null : false
2022-10-12 19:03:17.396  INFO 20156 --- [restartedMain] com.netflix.discovery.DiscoveryClient    : Registered Applications size is zero : true
2022-10-12 19:03:17.396  INFO 20156 --- [restartedMain] com.netflix.discovery.DiscoveryClient    : Application version is -1: true
2022-10-12 19:03:17.396  INFO 20156 --- [restartedMain] com.netflix.discovery.DiscoveryClient    : Getting all instance registry info from the eureka server
2022-10-12 19:03:17.770  INFO 20156 --- [restartedMain] com.netflix.discovery.DiscoveryClient    : The response status is 200
2022-10-12 19:03:17.771  INFO 20156 --- [restartedMain] com.netflix.discovery.DiscoveryClient    : Starting heartbeat executor: renew interval is: 30
2022-10-12 19:03:17.784  INFO 20156 --- [restartedMain] c.n.discovery.InstanceInfoReplicator     : InstanceInfoReplicator onDemand update allowed rate per min is 4
2022-10-12 19:03:17.789  INFO 20156 --- [restartedMain] com.netflix.discovery.DiscoveryClient    : Discovery Client initialized at timestamp 1665612197788 with initial instances count: 0
2022-10-12 19:03:17.793  INFO 20156 --- [restartedMain] o.s.c.n.e.s.EurekaServiceRegistry        : Registering application MSCLIENTES with eureka with status UP
2022-10-12 19:03:17.794  INFO 20156 --- [restartedMain] com.netflix.discovery.DiscoveryClient    : Saw local status change event StatusChangeEvent [timestamp=1665612197794, current=UP, previous=STARTING]
2022-10-12 19:03:17.796  INFO 20156 --- [DiscoveryClient-InstanceInfoReplicator-0] com.netflix.discovery.DiscoveryClient    : DiscoveryClient_MSCLIENTES/msclientes:349c41e87e436264104db5a0b93cdc99: registering service...
2022-10-12 19:03:17.903  INFO 20156 --- [DiscoveryClient-InstanceInfoReplicator-0] com.netflix.discovery.DiscoveryClient    : DiscoveryClient_MSCLIENTES/msclientes:349c41e87e436264104db5a0b93cdc99 - registration status: 204
2022-10-12 19:03:18.000  INFO 20156 --- [restartedMain] c.g.m.msclientes.MsclientesApplication   : Started MsclientesApplication in 3.695 seconds (JVM running for 4.534)
2022-10-12 19:03:20.269  INFO 20156 --- [SpringApplicationShutdownHook] o.s.c.n.e.s.EurekaServiceRegistry        : Unregistering application MSCLIENTES with eureka with status DOWN
2022-10-12 19:03:20.269  INFO 20156 --- [SpringApplicationShutdownHook] com.netflix.discovery.DiscoveryClient    : Saw local status change event StatusChangeEvent [timestamp=1665612200269, current=DOWN, previous=UP]
2022-10-12 19:03:20.270  INFO 20156 --- [DiscoveryClient-InstanceInfoReplicator-0] com.netflix.discovery.DiscoveryClient    : DiscoveryClient_MSCLIENTES/msclientes:349c41e87e436264104db5a0b93cdc99: registering service...
2022-10-12 19:03:20.278  INFO 20156 --- [DiscoveryClient-InstanceInfoReplicator-0] com.netflix.discovery.DiscoveryClient    : DiscoveryClient_MSCLIENTES/msclientes:349c41e87e436264104db5a0b93cdc99 - registration status: 204
2022-10-12 19:03:20.388  INFO 20156 --- [SpringApplicationShutdownHook] j.LocalContainerEntityManagerFactoryBean : Closing JPA EntityManagerFactory for persistence unit 'default'
2022-10-12 19:03:20.388  INFO 20156 --- [SpringApplicationShutdownHook] .SchemaDropperImpl$DelayedDropActionImpl : HHH000477: Starting delayed evictData of schema as part of SessionFactory shut-down'
2022-10-12 19:03:20.604  WARN 20156 --- [SpringApplicationShutdownHook] o.s.b.f.support.DisposableBeanAdapter    : Invocation of destroy method failed on bean with name 'inMemoryDatabaseShutdownExecutor': org.h2.jdbc.JdbcSQLNonTransientConnectionException: Database is already closed (to disable automatic closing at VM shutdown, add ";DB_CLOSE_ON_EXIT=FALSE" to the db URL) [90121-200]
2022-10-12 19:03:20.605  INFO 20156 --- [SpringApplicationShutdownHook] com.zaxxer.hikari.HikariDataSource       : HikariPool-1 - Shutdown initiated...
2022-10-12 19:03:20.607  INFO 20156 --- [SpringApplicationShutdownHook] com.zaxxer.hikari.HikariDataSource       : HikariPool-1 - Shutdown completed.
2022-10-12 19:03:20.607  INFO 20156 --- [SpringApplicationShutdownHook] com.netflix.discovery.DiscoveryClient    : Shutting down DiscoveryClient ...
2022-10-12 19:03:23.610  INFO 20156 --- [SpringApplicationShutdownHook] com.netflix.discovery.DiscoveryClient    : Unregistering ...
2022-10-12 19:03:23.630  INFO 20156 --- [SpringApplicationShutdownHook] com.netflix.discovery.DiscoveryClient    : DiscoveryClient_MSCLIENTES/msclientes:349c41e87e436264104db5a0b93cdc99 - deregister  status: 200
2022-10-12 19:03:23.634  INFO 20156 --- [SpringApplicationShutdownHook] com.netflix.discovery.DiscoveryClient    : Completed shut down of DiscoveryClient
